/*C82*/SET SCHEMA PUBLIC
SET SCHEMA "PUBLIC"
DISCONNECT
/*C83*/SET SCHEMA PUBLIC
DISCONNECT
/*C84*/SET SCHEMA PUBLIC
DISCONNECT
/*C85*/SET SCHEMA PUBLIC
DISCONNECT
/*C86*/SET SCHEMA PUBLIC
DISCONNECT
/*C87*/SET SCHEMA PUBLIC
DISCONNECT
/*C88*/SET SCHEMA PUBLIC
DISCONNECT
/*C89*/SET SCHEMA PUBLIC
DISCONNECT
/*C90*/SET SCHEMA PUBLIC
DISCONNECT
/*C91*/SET SCHEMA PUBLIC
DISCONNECT
/*C92*/SET SCHEMA PUBLIC
SET SCHEMA "PUBLIC"
DISCONNECT
/*C93*/SET SCHEMA PUBLIC
DISCONNECT
/*C94*/SET SCHEMA PUBLIC
DISCONNECT
/*C95*/SET SCHEMA PUBLIC
DISCONNECT
/*C96*/SET SCHEMA PUBLIC
DISCONNECT
/*C97*/SET SCHEMA PUBLIC
DISCONNECT
/*C98*/SET SCHEMA PUBLIC
DISCONNECT
/*C99*/SET SCHEMA PUBLIC
DISCONNECT
/*C100*/SET SCHEMA PUBLIC
DISCONNECT
/*C101*/SET SCHEMA PUBLIC
DISCONNECT
/*C102*/SET SCHEMA PUBLIC
SET SCHEMA "PUBLIC"
INSERT INTO EVENTS VALUES('7cc37eed-0e23-4fbf-accb-974587112fda','Rocketseat NLWd ynuits 2223','Aprenda Java dde forma Gratu3ita s222','rocketseat-nlwd-ynuits-2223',2)
COMMIT
INSERT INTO ATTENDEES VALUES('a5fede27-6932-4a74-99a7-134aaa9392cf','vinis tewst','text@gsmail.com','7cc37eed-0e23-4fbf-accb-974587112fda','2024-04-03 16:24:18.283680')
COMMIT
INSERT INTO ATTENDEES VALUES('53fadcd8-92d5-4f1f-82e2-fbacc714409c','vinis tews2t','text@gsmaiel.com','7cc37eed-0e23-4fbf-accb-974587112fda','2024-04-03 16:24:21.732415')
COMMIT
